<?xml version="1.0" encoding="UTF-8"?>
<!-- Generated by org.testng.reporters.JUnitXMLReporter -->
<testsuite hostname="user-PC" ignored="0" name="Test" tests="1" failures="1" timestamp="10 Nov 2017 12:37:30 GMT" time="57.21" errors="0">
  <testcase name="testLoginToApplication" time="50.643" classname="com.hybridFramework.loginPage.LoginTest">
    <failure type="java.lang.AssertionError" message="login is not sucessful expected [true] but found [false]">
      <![CDATA[java.lang.AssertionError: login is not sucessful expected [true] but found [false]
	at com.hybridFramework.loginPage.LoginTest.testLoginToApplication(LoginTest.java:34)
... Removed 31 stack frames]]>
    </failure>
  </testcase> <!-- testLoginToApplication -->
</testsuite> <!-- Test -->
