-------------------------------------------------------------------------------
Test set: TestSuite
-------------------------------------------------------------------------------
Tests run: 1, Failures: 1, Errors: 0, Skipped: 0, Time elapsed: 58.446 sec <<< FAILURE! - in TestSuite
testLoginToApplication(com.hybridFramework.loginPage.LoginTest)  Time elapsed: 50.759 sec  <<< FAILURE!
java.lang.AssertionError: login is not sucessful expected [true] but found [false]
	at com.hybridFramework.loginPage.LoginTest.testLoginToApplication(LoginTest.java:34)

